[debug] [2025-07-31T14:04:11.197Z] ----------------------------------------------------------------------
[debug] [2025-07-31T14:04:11.199Z] Command:       C:\Program Files\nodejs\node.exe C:\Users\HP\AppData\Roaming\npm\node_modules\firebase-tools\lib\bin\firebase.js init
[debug] [2025-07-31T14:04:11.199Z] CLI Version:   14.11.2
[debug] [2025-07-31T14:04:11.199Z] Platform:      win32
[debug] [2025-07-31T14:04:11.199Z] Node Version:  v24.0.2
[debug] [2025-07-31T14:04:11.200Z] Time:          Thu Jul 31 2025 16:04:11 GMT+0200 (Central Africa Time)
[debug] [2025-07-31T14:04:11.200Z] ----------------------------------------------------------------------
[debug] 
[debug] [2025-07-31T14:04:11.206Z] > command requires scopes: ["email","openid","https://www.googleapis.com/auth/cloudplatformprojects.readonly","https://www.googleapis.com/auth/firebase","https://www.googleapis.com/auth/cloud-platform"]
[debug] [2025-07-31T14:04:11.207Z] > authorizing via signed-in user (michaelivan844@gmail.com)
[info] 
     ######## #### ########  ######## ########     ###     ######  ########
     ##        ##  ##     ## ##       ##     ##  ##   ##  ##       ##
     ######    ##  ########  ######   ########  #########  ######  ######
     ##        ##  ##    ##  ##       ##     ## ##     ##       ## ##
     ##       #### ##     ## ######## ########  ##     ##  ######  ########

You're about to initialize a Firebase project in this directory:

  D:\PROJECT\Personal\2k Music

[info] 
=== Project Setup
[info] 
[info] First, let's associate this project directory with a Firebase project.
[info] You can create multiple project aliases by running firebase use --add, 
[info] but for now we'll just set up a default project.
[info] 
[debug] [2025-07-31T14:06:32.244Z] Checked if tokens are valid: true, expires at: 1753974133294
[debug] [2025-07-31T14:06:32.245Z] Checked if tokens are valid: true, expires at: 1753974133294
[debug] [2025-07-31T14:06:32.246Z] >>> [apiv2][query] GET https://firebase.googleapis.com/v1beta1/projects pageSize=100
[debug] [2025-07-31T14:06:33.252Z] <<< [apiv2][status] GET https://firebase.googleapis.com/v1beta1/projects 200
[debug] [2025-07-31T14:06:33.252Z] <<< [apiv2][body] GET https://firebase.googleapis.com/v1beta1/projects [omitted]
[info] i  Using project k-music-ecc31 (2k Music) 
[info] 
=== Hosting Setup
[debug] [2025-07-31T14:06:38.134Z] Checked if tokens are valid: true, expires at: 1753974133294
[debug] [2025-07-31T14:06:38.134Z] Checked if tokens are valid: true, expires at: 1753974133294
[debug] [2025-07-31T14:06:38.135Z] >>> [apiv2][query] GET https://firebase.googleapis.com/v1beta1/projects/k-music-ecc31 [none]
[debug] [2025-07-31T14:06:38.530Z] <<< [apiv2][status] GET https://firebase.googleapis.com/v1beta1/projects/k-music-ecc31 200
[debug] [2025-07-31T14:06:38.530Z] <<< [apiv2][body] GET https://firebase.googleapis.com/v1beta1/projects/k-music-ecc31 {"projectId":"k-music-ecc31","projectNumber":"445695139001","displayName":"2k Music","name":"projects/k-music-ecc31","resources":{"hostingSite":"k-music-ecc31"},"state":"ACTIVE","etag":"1_60573386-f068-4840-848d-42e06086d797"}
[info] 
[info] Your public directory is the folder (relative to your project directory) that
[info] will contain Hosting assets to be uploaded with firebase deploy. If you
[info] have a build process for your assets, use your build's output directory.
[info] 
[debug] [2025-07-31T14:09:12.269Z] >>> [apiv2][query] GET https://www.gstatic.com/firebasejs/releases.json [none]
[debug] [2025-07-31T14:09:27.677Z] <<< [apiv2][status] GET https://www.gstatic.com/firebasejs/releases.json 200
[debug] [2025-07-31T14:09:27.678Z] <<< [apiv2][body] GET https://www.gstatic.com/firebasejs/releases.json {"current":{"version":"12.0.0","browserURL":"https://www.gstatic.com/firebasejs/12.0.0/firebase.js","packageURL":"https://www.gstatic.com/firebasejs/12.0.0/firebase.tgz"},"live":{"version":"12.0","browserURL":"https://www.gstatic.com/firebasejs/live/12.0/firebase.js","packageURL":"https://www.gstatic.com/firebasejs/live/12.0/firebase.tgz"},"components":{"ai":"https://www.gstatic.com/firebasejs/12.0.0/firebase-ai.js","analytics":"https://www.gstatic.com/firebasejs/12.0.0/firebase-analytics.js","app":"https://www.gstatic.com/firebasejs/12.0.0/firebase-app.js","app-check":"https://www.gstatic.com/firebasejs/12.0.0/firebase-app-check.js","auth":"https://www.gstatic.com/firebasejs/12.0.0/firebase-auth.js","auth/cordova":"https://www.gstatic.com/firebasejs/12.0.0/firebase-auth/cordova.js","auth/web-extension":"https://www.gstatic.com/firebasejs/12.0.0/firebase-auth/web-extension.js","functions":"https://www.gstatic.com/firebasejs/12.0.0/firebase-functions.js","firestore":"https://www.gstatic.com/firebasejs/12.0.0/firebase-firestore.js","firestore/lite":"https://www.gstatic.com/firebasejs/12.0.0/firebase-firestore/lite.js","installations":"https://www.gstatic.com/firebasejs/12.0.0/firebase-installations.js","storage":"https://www.gstatic.com/firebasejs/12.0.0/firebase-storage.js","performance":"https://www.gstatic.com/firebasejs/12.0.0/firebase-performance.js","remote-config":"https://www.gstatic.com/firebasejs/12.0.0/firebase-remote-config.js","messaging":"https://www.gstatic.com/firebasejs/12.0.0/firebase-messaging.js","messaging/sw":"https://www.gstatic.com/firebasejs/12.0.0/firebase-messaging/sw.js","database":"https://www.gstatic.com/firebasejs/12.0.0/firebase-database.js","data-connect":"https://www.gstatic.com/firebasejs/12.0.0/firebase-data-connect.js","firestore.memory":"https://www.gstatic.com/firebasejs/12.0.0/firebase-firestore.memory.js"}}
[info] +  Wrote build/index.html 
[info] 
[info] i  Didn't detect a .git folder. Assuming D:\PROJECT\Personal\2k Music is the project root. 
[info] i  Authorizing with GitHub to upload your service account to a GitHub repository's secrets store. 
[info] 
[info] Visit this URL on this device to log in:
[info] https://github.com/login/oauth/authorize?client_id=89cf50f02ac6aaed3484&state=165384254&redirect_uri=http%3A%2F%2Flocalhost%3A9005&scope=read%3Auser%20repo%20public_repo
[info] 
[info] Waiting for authentication...
